<?xml version="1.0" encoding="UTF-8"?>
<!-- Generated by org.testng.reporters.JUnitXMLReporter -->
<testsuite ignored="2" hostname="DESKTOP-R6249JK" failures="0" tests="4" name="Test" time="44.425" errors="0" timestamp="2021-11-02T14:55:45 IST">
  <testcase classname="com.vtiger.genericLib.baseClass" name="@BeforeClass launchbrowser" time="-1.635845145268E9">
    <failure type="org.testng.TestNGException" message="
Can inject only one of &amp;lt;ITestContext, XmlTest&amp;gt; into a @BeforeClass annotated launchbrowser.
For more information on native dependency injection please refer to https://testng.org/doc/documentation-main.html#native-dependency-injection">
      <![CDATA[org.testng.TestNGException: 
Can inject only one of <ITestContext, XmlTest> into a @BeforeClass annotated launchbrowser.
For more information on native dependency injection please refer to https://testng.org/doc/documentation-main.html#native-dependency-injection
at java.base/java.util.ArrayList.forEach(ArrayList.java:1511)
... Removed 22 stack frames]]>
    </failure>
  </testcase> <!-- @BeforeClass launchbrowser -->
  <testcase classname="com.vtiger.genericLib.baseClass" name="@BeforeMethod login" time="-1.635845145308E9">
    <skipped/>
  </testcase> <!-- @BeforeMethod login -->
  <testcase classname="com.vtiger.genericLib.baseClass" name="@BeforeClass launchbrowser" time="-1.635845145327E9">
    <failure type="org.testng.TestNGException" message="
Can inject only one of &amp;lt;ITestContext, XmlTest&amp;gt; into a @BeforeClass annotated launchbrowser.
For more information on native dependency injection please refer to https://testng.org/doc/documentation-main.html#native-dependency-injection">
      <![CDATA[org.testng.TestNGException: 
Can inject only one of <ITestContext, XmlTest> into a @BeforeClass annotated launchbrowser.
For more information on native dependency injection please refer to https://testng.org/doc/documentation-main.html#native-dependency-injection
at java.base/java.util.ArrayList.forEach(ArrayList.java:1511)
... Removed 22 stack frames]]>
    </failure>
  </testcase> <!-- @BeforeClass launchbrowser -->
  <testcase classname="com.vtiger.genericLib.baseClass" name="@BeforeMethod login" time="-1.63584514533E9">
    <skipped/>
  </testcase> <!-- @BeforeMethod login -->
  <testcase classname="com.vtiger.genericLib.baseClass" name="@BeforeClass launchbrowser" time="-1.635845145335E9">
    <failure type="org.testng.TestNGException" message="
Can inject only one of &amp;lt;ITestContext, XmlTest&amp;gt; into a @BeforeClass annotated launchbrowser.
For more information on native dependency injection please refer to https://testng.org/doc/documentation-main.html#native-dependency-injection">
      <![CDATA[org.testng.TestNGException: 
Can inject only one of <ITestContext, XmlTest> into a @BeforeClass annotated launchbrowser.
For more information on native dependency injection please refer to https://testng.org/doc/documentation-main.html#native-dependency-injection
at java.base/java.util.ArrayList.forEach(ArrayList.java:1511)
... Removed 22 stack frames]]>
    </failure>
  </testcase> <!-- @BeforeClass launchbrowser -->
  <testcase classname="com.vtiger.genericLib.baseClass" name="@BeforeMethod login" time="-1.635845145338E9">
    <skipped/>
  </testcase> <!-- @BeforeMethod login -->
  <testcase classname="tigerContacts.Contact19" name="contact19" time="44.238"/>
  <testcase classname="tigerContacts.Contact18" name="contact18" time="0.0">
    <skipped/>
  </testcase> <!-- contact18 -->
  <testcase classname="tigerContacts.Contact17" name="contact17" time="0.0">
    <skipped/>
  </testcase> <!-- contact17 -->
  <testcase classname="tigerContacts.Contact16" name="contact16" time="0.0">
    <skipped/>
  </testcase> <!-- contact16 -->
  <testcase classname="com.vtiger.genericLib.baseClass" name="@BeforeSuite connecttodatabase" time="0.0">
    <ignored/>
  </testcase> <!-- @BeforeSuite connecttodatabase -->
  <testcase classname="com.vtiger.genericLib.baseClass" name="@BeforeSuite connecttodatabase" time="0.0">
    <ignored/>
  </testcase> <!-- @BeforeSuite connecttodatabase -->
</testsuite> <!-- Test -->
