<?xml version="1.0" encoding="UTF-8"?>
<testng-results ignored="0" total="0" passed="0" failed="0" skipped="0">
  <reporter-output>
  </reporter-output>
  <suite started-at="2021-10-26T10:59:24Z" name="mavoo.createuserTest" finished-at="2021-10-26T10:59:25Z" duration-ms="214">
    <groups>
    </groups>
    <test started-at="2021-10-26T10:59:24Z" name="Command line test" finished-at="2021-10-26T10:59:25Z" duration-ms="214">
    </test> <!-- Command line test -->
  </suite> <!-- mavoo.createuserTest -->
</testng-results>
